{"C:\\Users\\Gerson\\backend\\CLEAN-NODE-API\\src\\presantation\\controllers\\signup.ts": {"path":"C:\\Users\\Gerson\\backend\\CLEAN-NODE-API\\src\\presantation\\controllers\\signup.ts","statementMap":{"0":{"start":{"line":4,"column":24},"end":{"line":4,"column":40}},"1":{"start":{"line":5,"column":2},"end":{"line":10,"column":null}},"2":{"start":{"line":6,"column":3},"end":{"line":9,"column":null}},"3":{"start":{"line":11,"column":2},"end":{"line":16,"column":null}},"4":{"start":{"line":12,"column":3},"end":{"line":15,"column":null}},"5":{"start":{"line":17,"column":2},"end":{"line":20,"column":null}},"6":{"start":{"line":2,"column":0},"end":{"line":2,"column":13}}},"fnMap":{"0":{"name":"(anonymous_0)","decl":{"start":{"line":3,"column":2},"end":{"line":3,"column":8}},"loc":{"start":{"line":3,"column":34},"end":{"line":21,"column":3}}}},"branchMap":{"0":{"loc":{"start":{"line":5,"column":2},"end":{"line":10,"column":null}},"type":"if","locations":[{"start":{"line":5,"column":2},"end":{"line":10,"column":null}}]},"1":{"loc":{"start":{"line":11,"column":2},"end":{"line":16,"column":null}},"type":"if","locations":[{"start":{"line":11,"column":2},"end":{"line":16,"column":null}}]}},"s":{"0":2,"1":2,"2":1,"3":1,"4":1,"5":0,"6":1},"f":{"0":2},"b":{"0":[1],"1":[1]}}
}
